<?xml version="1.0" encoding="UTF-8"?>
<!-- Generated by org.testng.reporters.JUnitReportReporter -->
<testsuite hostname="Sai-PC" name="day24.Login" tests="1" failures="0" timestamp="21 Nov 2016 06:33:42 GMT" time="21.356" errors="0">
  <testcase name="loginTest" time="21.356" classname="day24.Login"/>
</testsuite> <!-- day24.Login -->
