<?xml version="1.0" encoding="UTF-8"?>
<!-- Generated by org.testng.reporters.JUnitReportReporter -->
<testsuite hostname="Sai-PC" name="day23.LoginUsingProperties" tests="1" failures="0" timestamp="19 Nov 2016 07:32:19 GMT" time="7.168" errors="0">
  <testcase name="loginTest" time="7.168" classname="day23.LoginUsingProperties"/>
</testsuite> <!-- day23.LoginUsingProperties -->
