<?xml version="1.0" encoding="UTF-8"?>
<!-- Generated by org.testng.reporters.JUnitReportReporter -->
<testsuite hostname="Sai-PC" name="day22.DatadrivenTesting1" tests="1" failures="0" timestamp="18 Nov 2016 06:51:29 GMT" time="45.933" errors="0">
  <testcase name="linkTest" time="45.933" classname="day22.DatadrivenTesting1"/>
</testsuite> <!-- day22.DatadrivenTesting1 -->
