<?xml version="1.0" encoding="UTF-8"?>
<!-- Generated by org.testng.reporters.JUnitReportReporter -->
<testsuite hostname="Sai-PC" name="day22.DatadrivenTesting2" tests="1" failures="0" timestamp="18 Nov 2016 07:29:01 GMT" time="113.070" errors="0">
  <testcase name="registrationTest" time="113.070" classname="day22.DatadrivenTesting2"/>
</testsuite> <!-- day22.DatadrivenTesting2 -->
