<?xml version="1.0" encoding="UTF-8"?>
<!-- Generated by org.testng.reporters.JUnitReportReporter -->
<testsuite hostname="Sai-PC" name="day25.DropdownOnGrid" tests="3" failures="2" timestamp="23 Nov 2016 06:45:51 GMT" time="128.557" errors="0">
  <testcase name="dropdownTest" time="49.866" classname="day25.DropdownOnGrid">
    <failure type="org.openqa.selenium.WebDriverException" message="Unable to connect to host 127.0.0.1 on port 7055 after 45000 ms. Firefox console output:
istering manifest for C:\Program Files (x86)\Mozilla Firefox\browser\features\e10srollout@mozilla.org.xpi
1479883506659	addons.xpi	DEBUG	Calling bootstrap method startup on e10srollout@mozilla.org version 1.0
1479883506659	addons.xpi	DEBUG	Registering manifest for C:\Program Files (x86)\Mozilla Firefox\browser\features\firefox@getpocket.com.xpi
1479883506660	addons.xpi	DEBUG	Calling bootstrap method startup on firefox@getpocket.com version 1.0.2
1479883506660	addons.xpi	DEBUG	Registering manifest for C:\Program Files (x86)\Mozilla Firefox\browser\features\loop@mozilla.org.xpi
1479883506661	addons.xpi	DEBUG	Calling bootstrap method startup on loop@mozilla.org version 1.3.2
1479883506684	addons.xpi	DEBUG	Registering manifest for C:\Program Files (x86)\Mozilla Firefox\browser\features\websensehelper@mozilla.org.xpi
1479883506684	addons.xpi	DEBUG	Calling bootstrap method startup on websensehelper@mozilla.org version 1.0
1479883506687	addons.manager	DEBUG	Registering shutdown blocker for XPIProvider
1479883506688	addons.manager	DEBUG	Provider finished startup: XPIProvider
1479883506688	addons.manager	DEBUG	Starting provider: LightweightThemeManager
1479883506688	addons.manager	DEBUG	Registering shutdown blocker for LightweightThemeManager
1479883506688	addons.manager	DEBUG	Provider finished startup: LightweightThemeManager
1479883506688	addons.manager	DEBUG	Starting provider: GMPProvider
1479883506694	addons.manager	DEBUG	Registering shutdown blocker for GMPProvider
1479883506695	addons.manager	DEBUG	Provider finished startup: GMPProvider
1479883506695	addons.manager	DEBUG	Starting provider: PluginProvider
1479883506695	addons.manager	DEBUG	Registering shutdown blocker for PluginProvider
1479883506695	addons.manager	DEBUG	Provider finished startup: PluginProvider
1479883506696	addons.manager	DEBUG	Completed startup sequence
1479883508261	addons.manager	DEBUG	Starting provider: &lt;unnamed-provider&gt;
1479883508261	addons.manager	DEBUG	Registering shutdown blocker for &lt;unnamed-provider&gt;
1479883508262	addons.manager	DEBUG	Provider finished startup: &lt;unnamed-provider&gt;
1479883508264	DeferredSave.extensions.json	DEBUG	Starting write
1479883508931	addons.repository	DEBUG	No addons.json found.
1479883508931	DeferredSave.addons.json	DEBUG	Save changes
1479883508935	DeferredSave.addons.json	DEBUG	Starting timer
1479883508972	addons.manager	DEBUG	Starting provider: PreviousExperimentProvider
1479883508972	addons.manager	DEBUG	Registering shutdown blocker for PreviousExperimentProvider
1479883508973	addons.manager	DEBUG	Provider finished startup: PreviousExperimentProvider
1479883508976	DeferredSave.extensions.json	DEBUG	Write succeeded
1479883508976	addons.xpi-utils	DEBUG	XPI Database saved, setting schema version preference to 17
1479883508987	DeferredSave.addons.json	DEBUG	Starting write
1479883509007	DeferredSave.addons.json	DEBUG	Write succeeded
1479883545965	addons.xpi	DEBUG	Calling bootstrap method shutdown on e10srollout@mozilla.org version 1.0
1479883545965	addons.xpi	DEBUG	Calling bootstrap method shutdown on firefox@getpocket.com version 1.0.2
1479883545966	addons.xpi	DEBUG	Calling bootstrap method shutdown on loop@mozilla.org version 1.3.2
1479883545967	addons.xpi	DEBUG	Calling bootstrap method shutdown on websensehelper@mozilla.org version 1.0
1479883546213	addons.manager	DEBUG	shutdown
1479883546214	addons.manager	DEBUG	Calling shutdown blocker for XPIProvider
1479883546214	addons.xpi	DEBUG	shutdown
1479883546215	addons.xpi-utils	DEBUG	shutdown
1479883546216	addons.manager	DEBUG	Calling shutdown blocker for LightweightThemeManager
1479883546217	addons.manager	DEBUG	Calling shutdown blocker for GMPProvider
1479883546222	addons.manager	DEBUG	Calling shutdown blocker for PluginProvider
1479883546223	addons.manager	DEBUG	Calling shutdown blocker for &lt;unnamed-provider&gt;
1479883546227	addons.manager	DEBUG	Calling shutdown blocker for PreviousExperimentProvider
1479883546233	addons.xpi	DEBUG	Notifying XPI shutdown observers
1479883546241	addons.manager	DEBUG	Async provider shutdown done

Command duration or timeout: 48.45 seconds
Build info: version: &#039;2.48.0&#039;, revision: &#039;b7b081a&#039;, time: &#039;2015-10-07 15:48:56&#039;
System info: host: &#039;Sai-PC&#039;, ip: &#039;169.254.209.217&#039;, os.name: &#039;Windows 7&#039;, os.arch: &#039;amd64&#039;, os.version: &#039;6.1&#039;, java.version: &#039;1.7.0_79&#039;
Driver info: org.openqa.selenium.remote.RemoteWebDriver">
      <![CDATA[org.openqa.selenium.WebDriverException: Unable to connect to host 127.0.0.1 on port 7055 after 45000 ms. Firefox console output:
istering manifest for C:\Program Files (x86)\Mozilla Firefox\browser\features\e10srollout@mozilla.org.xpi
1479883506659	addons.xpi	DEBUG	Calling bootstrap method startup on e10srollout@mozilla.org version 1.0
1479883506659	addons.xpi	DEBUG	Registering manifest for C:\Program Files (x86)\Mozilla Firefox\browser\features\firefox@getpocket.com.xpi
1479883506660	addons.xpi	DEBUG	Calling bootstrap method startup on firefox@getpocket.com version 1.0.2
1479883506660	addons.xpi	DEBUG	Registering manifest for C:\Program Files (x86)\Mozilla Firefox\browser\features\loop@mozilla.org.xpi
1479883506661	addons.xpi	DEBUG	Calling bootstrap method startup on loop@mozilla.org version 1.3.2
1479883506684	addons.xpi	DEBUG	Registering manifest for C:\Program Files (x86)\Mozilla Firefox\browser\features\websensehelper@mozilla.org.xpi
1479883506684	addons.xpi	DEBUG	Calling bootstrap method startup on websensehelper@mozilla.org version 1.0
1479883506687	addons.manager	DEBUG	Registering shutdown blocker for XPIProvider
1479883506688	addons.manager	DEBUG	Provider finished startup: XPIProvider
1479883506688	addons.manager	DEBUG	Starting provider: LightweightThemeManager
1479883506688	addons.manager	DEBUG	Registering shutdown blocker for LightweightThemeManager
1479883506688	addons.manager	DEBUG	Provider finished startup: LightweightThemeManager
1479883506688	addons.manager	DEBUG	Starting provider: GMPProvider
1479883506694	addons.manager	DEBUG	Registering shutdown blocker for GMPProvider
1479883506695	addons.manager	DEBUG	Provider finished startup: GMPProvider
1479883506695	addons.manager	DEBUG	Starting provider: PluginProvider
1479883506695	addons.manager	DEBUG	Registering shutdown blocker for PluginProvider
1479883506695	addons.manager	DEBUG	Provider finished startup: PluginProvider
1479883506696	addons.manager	DEBUG	Completed startup sequence
1479883508261	addons.manager	DEBUG	Starting provider: <unnamed-provider>
1479883508261	addons.manager	DEBUG	Registering shutdown blocker for <unnamed-provider>
1479883508262	addons.manager	DEBUG	Provider finished startup: <unnamed-provider>
1479883508264	DeferredSave.extensions.json	DEBUG	Starting write
1479883508931	addons.repository	DEBUG	No addons.json found.
1479883508931	DeferredSave.addons.json	DEBUG	Save changes
1479883508935	DeferredSave.addons.json	DEBUG	Starting timer
1479883508972	addons.manager	DEBUG	Starting provider: PreviousExperimentProvider
1479883508972	addons.manager	DEBUG	Registering shutdown blocker for PreviousExperimentProvider
1479883508973	addons.manager	DEBUG	Provider finished startup: PreviousExperimentProvider
1479883508976	DeferredSave.extensions.json	DEBUG	Write succeeded
1479883508976	addons.xpi-utils	DEBUG	XPI Database saved, setting schema version preference to 17
1479883508987	DeferredSave.addons.json	DEBUG	Starting write
1479883509007	DeferredSave.addons.json	DEBUG	Write succeeded
1479883545965	addons.xpi	DEBUG	Calling bootstrap method shutdown on e10srollout@mozilla.org version 1.0
1479883545965	addons.xpi	DEBUG	Calling bootstrap method shutdown on firefox@getpocket.com version 1.0.2
1479883545966	addons.xpi	DEBUG	Calling bootstrap method shutdown on loop@mozilla.org version 1.3.2
1479883545967	addons.xpi	DEBUG	Calling bootstrap method shutdown on websensehelper@mozilla.org version 1.0
1479883546213	addons.manager	DEBUG	shutdown
1479883546214	addons.manager	DEBUG	Calling shutdown blocker for XPIProvider
1479883546214	addons.xpi	DEBUG	shutdown
1479883546215	addons.xpi-utils	DEBUG	shutdown
1479883546216	addons.manager	DEBUG	Calling shutdown blocker for LightweightThemeManager
1479883546217	addons.manager	DEBUG	Calling shutdown blocker for GMPProvider
1479883546222	addons.manager	DEBUG	Calling shutdown blocker for PluginProvider
1479883546223	addons.manager	DEBUG	Calling shutdown blocker for <unnamed-provider>
1479883546227	addons.manager	DEBUG	Calling shutdown blocker for PreviousExperimentProvider
1479883546233	addons.xpi	DEBUG	Notifying XPI shutdown observers
1479883546241	addons.manager	DEBUG	Async provider shutdown done

Command duration or timeout: 48.45 seconds
Build info: version: '2.48.0', revision: 'b7b081a', time: '2015-10-07 15:48:56'
System info: host: 'Sai-PC', ip: '169.254.209.217', os.name: 'Windows 7', os.arch: 'amd64', os.version: '6.1', java.version: '1.7.0_79'
Driver info: org.openqa.selenium.remote.RemoteWebDriver
	at sun.reflect.NativeConstructorAccessorImpl.newInstance0(Native Method)
	at sun.reflect.NativeConstructorAccessorImpl.newInstance(Unknown Source)
	at sun.reflect.DelegatingConstructorAccessorImpl.newInstance(Unknown Source)
	at java.lang.reflect.Constructor.newInstance(Unknown Source)
	at org.openqa.selenium.remote.ErrorHandler.createThrowable(ErrorHandler.java:206)
	at org.openqa.selenium.remote.ErrorHandler.throwIfResponseFailed(ErrorHandler.java:158)
	at org.openqa.selenium.remote.RemoteWebDriver.execute(RemoteWebDriver.java:647)
	at org.openqa.selenium.remote.RemoteWebDriver.startSession(RemoteWebDriver.java:247)
	at org.openqa.selenium.remote.RemoteWebDriver.<init>(RemoteWebDriver.java:129)
	at org.openqa.selenium.remote.RemoteWebDriver.<init>(RemoteWebDriver.java:156)
	at day25.DropdownOnGrid.dropdownTest(DropdownOnGrid.java:40)
	at sun.reflect.NativeMethodAccessorImpl.invoke0(Native Method)
	at sun.reflect.NativeMethodAccessorImpl.invoke(Unknown Source)
	at sun.reflect.DelegatingMethodAccessorImpl.invoke(Unknown Source)
	at java.lang.reflect.Method.invoke(Unknown Source)
	at org.testng.internal.MethodInvocationHelper.invokeMethod(MethodInvocationHelper.java:84)
	at org.testng.internal.Invoker.invokeMethod(Invoker.java:714)
	at org.testng.internal.Invoker.invokeTestMethod(Invoker.java:901)
	at org.testng.internal.Invoker.invokeTestMethods(Invoker.java:1231)
	at org.testng.internal.TestMethodWorker.invokeTestMethods(TestMethodWorker.java:127)
	at org.testng.internal.TestMethodWorker.run(TestMethodWorker.java:111)
	at org.testng.TestRunner.privateRun(TestRunner.java:767)
	at org.testng.TestRunner.run(TestRunner.java:617)
	at org.testng.SuiteRunner.runTest(SuiteRunner.java:334)
	at org.testng.SuiteRunner.access$000(SuiteRunner.java:37)
	at org.testng.SuiteRunner$SuiteWorker.run(SuiteRunner.java:368)
	at org.testng.internal.thread.ThreadUtil$2.call(ThreadUtil.java:64)
	at java.util.concurrent.FutureTask.run(Unknown Source)
	at java.util.concurrent.ThreadPoolExecutor.runWorker(Unknown Source)
	at java.util.concurrent.ThreadPoolExecutor$Worker.run(Unknown Source)
	at java.lang.Thread.run(Unknown Source)
Caused by: org.openqa.selenium.remote.ErrorHandler$UnknownServerException: Unable to connect to host 127.0.0.1 on port 7055 after 45000 ms. Firefox console output:
istering manifest for C:\Program Files (x86)\Mozilla Firefox\browser\features\e10srollout@mozilla.org.xpi
1479883506659	addons.xpi	DEBUG	Calling bootstrap method startup on e10srollout@mozilla.org version 1.0
1479883506659	addons.xpi	DEBUG	Registering manifest for C:\Program Files (x86)\Mozilla Firefox\browser\features\firefox@getpocket.com.xpi
1479883506660	addons.xpi	DEBUG	Calling bootstrap method startup on firefox@getpocket.com version 1.0.2
1479883506660	addons.xpi	DEBUG	Registering manifest for C:\Program Files (x86)\Mozilla Firefox\browser\features\loop@mozilla.org.xpi
1479883506661	addons.xpi	DEBUG	Calling bootstrap method startup on loop@mozilla.org version 1.3.2
1479883506684	addons.xpi	DEBUG	Registering manifest for C:\Program Files (x86)\Mozilla Firefox\browser\features\websensehelper@mozilla.org.xpi
1479883506684	addons.xpi	DEBUG	Calling bootstrap method startup on websensehelper@mozilla.org version 1.0
1479883506687	addons.manager	DEBUG	Registering shutdown blocker for XPIProvider
1479883506688	addons.manager	DEBUG	Provider finished startup: XPIProvider
1479883506688	addons.manager	DEBUG	Starting provider: LightweightThemeManager
1479883506688	addons.manager	DEBUG	Registering shutdown blocker for LightweightThemeManager
1479883506688	addons.manager	DEBUG	Provider finished startup: LightweightThemeManager
1479883506688	addons.manager	DEBUG	Starting provider: GMPProvider
1479883506694	addons.manager	DEBUG	Registering shutdown blocker for GMPProvider
1479883506695	addons.manager	DEBUG	Provider finished startup: GMPProvider
1479883506695	addons.manager	DEBUG	Starting provider: PluginProvider
1479883506695	addons.manager	DEBUG	Registering shutdown blocker for PluginProvider
1479883506695	addons.manager	DEBUG	Provider finished startup: PluginProvider
1479883506696	addons.manager	DEBUG	Completed startup sequence
1479883508261	addons.manager	DEBUG	Starting provider: <unnamed-provider>
1479883508261	addons.manager	DEBUG	Registering shutdown blocker for <unnamed-provider>
1479883508262	addons.manager	DEBUG	Provider finished startup: <unnamed-provider>
1479883508264	DeferredSave.extensions.json	DEBUG	Starting write
1479883508931	addons.repository	DEBUG	No addons.json found.
1479883508931	DeferredSave.addons.json	DEBUG	Save changes
1479883508935	DeferredSave.addons.json	DEBUG	Starting timer
1479883508972	addons.manager	DEBUG	Starting provider: PreviousExperimentProvider
1479883508972	addons.manager	DEBUG	Registering shutdown blocker for PreviousExperimentProvider
1479883508973	addons.manager	DEBUG	Provider finished startup: PreviousExperimentProvider
1479883508976	DeferredSave.extensions.json	DEBUG	Write succeeded
1479883508976	addons.xpi-utils	DEBUG	XPI Database saved, setting schema version preference to 17
1479883508987	DeferredSave.addons.json	DEBUG	Starting write
1479883509007	DeferredSave.addons.json	DEBUG	Write succeeded
1479883545965	addons.xpi	DEBUG	Calling bootstrap method shutdown on e10srollout@mozilla.org version 1.0
1479883545965	addons.xpi	DEBUG	Calling bootstrap method shutdown on firefox@getpocket.com version 1.0.2
1479883545966	addons.xpi	DEBUG	Calling bootstrap method shutdown on loop@mozilla.org version 1.3.2
1479883545967	addons.xpi	DEBUG	Calling bootstrap method shutdown on websensehelper@mozilla.org version 1.0
1479883546213	addons.manager	DEBUG	shutdown
1479883546214	addons.manager	DEBUG	Calling shutdown blocker for XPIProvider
1479883546214	addons.xpi	DEBUG	shutdown
1479883546215	addons.xpi-utils	DEBUG	shutdown
1479883546216	addons.manager	DEBUG	Calling shutdown blocker for LightweightThemeManager
1479883546217	addons.manager	DEBUG	Calling shutdown blocker for GMPProvider
1479883546222	addons.manager	DEBUG	Calling shutdown blocker for PluginProvider
1479883546223	addons.manager	DEBUG	Calling shutdown blocker for <unnamed-provider>
1479883546227	addons.manager	DEBUG	Calling shutdown blocker for PreviousExperimentProvider
1479883546233	addons.xpi	DEBUG	Notifying XPI shutdown observers
1479883546241	addons.manager	DEBUG	Async provider shutdown done

Build info: version: '2.48.0', revision: 'b7b081a', time: '2015-10-07 15:48:56'
System info: host: 'Sai-PC', ip: '169.254.209.217', os.name: 'Windows 7', os.arch: 'amd64', os.version: '6.1', java.version: '1.7.0_79'
Driver info: driver.version: FirefoxDriver
	at org.openqa.selenium.firefox.internal.NewProfileExtensionConnection.start(NewProfileExtensionConnection.java:112)
	at org.openqa.selenium.firefox.FirefoxDriver.startClient(FirefoxDriver.java:271)
	at org.openqa.selenium.remote.RemoteWebDriver.<init>(RemoteWebDriver.java:119)
	at org.openqa.selenium.firefox.FirefoxDriver.<init>(FirefoxDriver.java:218)
	at org.openqa.selenium.firefox.FirefoxDriver.<init>(FirefoxDriver.java:211)
	at org.openqa.selenium.firefox.FirefoxDriver.<init>(FirefoxDriver.java:129)
	at sun.reflect.NativeConstructorAccessorImpl.newInstance0(Native Method)
	at sun.reflect.NativeConstructorAccessorImpl.newInstance(Unknown Source)
	at sun.reflect.DelegatingConstructorAccessorImpl.newInstance(Unknown Source)
	at java.lang.reflect.Constructor.newInstance(Unknown Source)
	at org.openqa.selenium.remote.server.FirefoxDriverProvider.callConstructor(FirefoxDriverProvider.java:91)
	at org.openqa.selenium.remote.server.FirefoxDriverProvider.newInstance(FirefoxDriverProvider.java:68)
	at org.openqa.selenium.remote.server.DefaultDriverFactory.newInstance(DefaultDriverFactory.java:60)
	at org.openqa.selenium.remote.server.DefaultSession$BrowserCreator.call(DefaultSession.java:222)
	at org.openqa.selenium.remote.server.DefaultSession$BrowserCreator.call(DefaultSession.java:1)
	at java.util.concurrent.FutureTask.run(Unknown Source)
	at org.openqa.selenium.remote.server.DefaultSession$1.run(DefaultSession.java:176)
	... 3 more
]]>
    </failure>
  </testcase> <!-- dropdownTest -->
  <testcase name="dropdownTest" time="28.294" classname="day25.DropdownOnGrid"/>
  <testcase name="dropdownTest" time="50.397" classname="day25.DropdownOnGrid">
    <failure type="org.openqa.selenium.WebDriverException" message="chrome not reachable
  (Session info: chrome=54.0.2840.99)
  (Driver info: chromedriver=2.25.426923 (0390b88869384d6eb0d5d09729679f934aab9eed),platform=Windows NT 6.1.7601 SP1 x86_64) (WARNING: The server did not provide any stacktrace information)
Command duration or timeout: 4.07 seconds
Build info: version: &#039;2.53.1&#039;, revision: &#039;a36b8b1&#039;, time: &#039;2016-06-30 17:37:03&#039;
System info: host: &#039;Rushi-PC&#039;, ip: &#039;192.168.80.1&#039;, os.name: &#039;Windows 7&#039;, os.arch: &#039;amd64&#039;, os.version: &#039;6.1&#039;, java.version: &#039;1.7.0_79&#039;
Session ID: 55fb084f0fbe9c64403a5f54d319b061
Driver info: org.openqa.selenium.chrome.ChromeDriver
Capabilities [{platform=XP, acceptSslCerts=true, javascriptEnabled=true, browserName=chrome, chrome={userDataDir=C:\Users\Rushi\AppData\Local\Temp\scoped_dir6048_15973, chromedriverVersion=2.25.426923 (0390b88869384d6eb0d5d09729679f934aab9eed)}, networkConnectionEnabled=false, rotatable=false, locationContextEnabled=true, mobileEmulationEnabled=false, version=54.0.2840.99, pageLoadStrategy=normal, takesHeapSnapshot=true, cssSelectorsEnabled=true, databaseEnabled=false, handlesAlerts=true, browserConnectionEnabled=false, webStorageEnabled=true, nativeEvents=true, hasTouchScreen=false, applicationCacheEnabled=false, takesScreenshot=true}]
Command duration or timeout: 10.80 seconds
Build info: version: &#039;2.48.0&#039;, revision: &#039;b7b081a&#039;, time: &#039;2015-10-07 15:48:56&#039;
System info: host: &#039;Sai-PC&#039;, ip: &#039;169.254.209.217&#039;, os.name: &#039;Windows 7&#039;, os.arch: &#039;amd64&#039;, os.version: &#039;6.1&#039;, java.version: &#039;1.7.0_79&#039;
Session ID: 4dfd4052-d820-4f1e-b54e-04be6545d6d8
Driver info: org.openqa.selenium.remote.RemoteWebDriver
Capabilities [{platform=XP, acceptSslCerts=true, javascriptEnabled=true, browserName=chrome, chrome={userDataDir=C:\Users\Rushi\AppData\Local\Temp\scoped_dir6048_15973, chromedriverVersion=2.25.426923 (0390b88869384d6eb0d5d09729679f934aab9eed)}, networkConnectionEnabled=false, rotatable=false, locationContextEnabled=true, mobileEmulationEnabled=false, webdriver.remote.sessionid=4dfd4052-d820-4f1e-b54e-04be6545d6d8, version=54.0.2840.99, pageLoadStrategy=normal, takesHeapSnapshot=true, cssSelectorsEnabled=true, databaseEnabled=false, handlesAlerts=true, browserConnectionEnabled=false, webStorageEnabled=true, nativeEvents=true, hasTouchScreen=false, applicationCacheEnabled=false, takesScreenshot=true}]">
      <![CDATA[org.openqa.selenium.WebDriverException: chrome not reachable
  (Session info: chrome=54.0.2840.99)
  (Driver info: chromedriver=2.25.426923 (0390b88869384d6eb0d5d09729679f934aab9eed),platform=Windows NT 6.1.7601 SP1 x86_64) (WARNING: The server did not provide any stacktrace information)
Command duration or timeout: 4.07 seconds
Build info: version: '2.53.1', revision: 'a36b8b1', time: '2016-06-30 17:37:03'
System info: host: 'Rushi-PC', ip: '192.168.80.1', os.name: 'Windows 7', os.arch: 'amd64', os.version: '6.1', java.version: '1.7.0_79'
Session ID: 55fb084f0fbe9c64403a5f54d319b061
Driver info: org.openqa.selenium.chrome.ChromeDriver
Capabilities [{platform=XP, acceptSslCerts=true, javascriptEnabled=true, browserName=chrome, chrome={userDataDir=C:\Users\Rushi\AppData\Local\Temp\scoped_dir6048_15973, chromedriverVersion=2.25.426923 (0390b88869384d6eb0d5d09729679f934aab9eed)}, networkConnectionEnabled=false, rotatable=false, locationContextEnabled=true, mobileEmulationEnabled=false, version=54.0.2840.99, pageLoadStrategy=normal, takesHeapSnapshot=true, cssSelectorsEnabled=true, databaseEnabled=false, handlesAlerts=true, browserConnectionEnabled=false, webStorageEnabled=true, nativeEvents=true, hasTouchScreen=false, applicationCacheEnabled=false, takesScreenshot=true}]
Command duration or timeout: 10.80 seconds
Build info: version: '2.48.0', revision: 'b7b081a', time: '2015-10-07 15:48:56'
System info: host: 'Sai-PC', ip: '169.254.209.217', os.name: 'Windows 7', os.arch: 'amd64', os.version: '6.1', java.version: '1.7.0_79'
Session ID: 4dfd4052-d820-4f1e-b54e-04be6545d6d8
Driver info: org.openqa.selenium.remote.RemoteWebDriver
Capabilities [{platform=XP, acceptSslCerts=true, javascriptEnabled=true, browserName=chrome, chrome={userDataDir=C:\Users\Rushi\AppData\Local\Temp\scoped_dir6048_15973, chromedriverVersion=2.25.426923 (0390b88869384d6eb0d5d09729679f934aab9eed)}, networkConnectionEnabled=false, rotatable=false, locationContextEnabled=true, mobileEmulationEnabled=false, webdriver.remote.sessionid=4dfd4052-d820-4f1e-b54e-04be6545d6d8, version=54.0.2840.99, pageLoadStrategy=normal, takesHeapSnapshot=true, cssSelectorsEnabled=true, databaseEnabled=false, handlesAlerts=true, browserConnectionEnabled=false, webStorageEnabled=true, nativeEvents=true, hasTouchScreen=false, applicationCacheEnabled=false, takesScreenshot=true}]
	at sun.reflect.NativeConstructorAccessorImpl.newInstance0(Native Method)
	at sun.reflect.NativeConstructorAccessorImpl.newInstance(Unknown Source)
	at sun.reflect.DelegatingConstructorAccessorImpl.newInstance(Unknown Source)
	at java.lang.reflect.Constructor.newInstance(Unknown Source)
	at org.openqa.selenium.remote.ErrorHandler.createThrowable(ErrorHandler.java:206)
	at org.openqa.selenium.remote.ErrorHandler.throwIfResponseFailed(ErrorHandler.java:158)
	at org.openqa.selenium.remote.RemoteWebDriver.execute(RemoteWebDriver.java:647)
	at org.openqa.selenium.remote.RemoteWebElement.execute(RemoteWebElement.java:326)
	at org.openqa.selenium.remote.RemoteWebElement.click(RemoteWebElement.java:84)
	at day25.DropdownOnGrid.dropdownTest(DropdownOnGrid.java:50)
	at sun.reflect.NativeMethodAccessorImpl.invoke0(Native Method)
	at sun.reflect.NativeMethodAccessorImpl.invoke(Unknown Source)
	at sun.reflect.DelegatingMethodAccessorImpl.invoke(Unknown Source)
	at java.lang.reflect.Method.invoke(Unknown Source)
	at org.testng.internal.MethodInvocationHelper.invokeMethod(MethodInvocationHelper.java:84)
	at org.testng.internal.Invoker.invokeMethod(Invoker.java:714)
	at org.testng.internal.Invoker.invokeTestMethod(Invoker.java:901)
	at org.testng.internal.Invoker.invokeTestMethods(Invoker.java:1231)
	at org.testng.internal.TestMethodWorker.invokeTestMethods(TestMethodWorker.java:127)
	at org.testng.internal.TestMethodWorker.run(TestMethodWorker.java:111)
	at org.testng.TestRunner.privateRun(TestRunner.java:767)
	at org.testng.TestRunner.run(TestRunner.java:617)
	at org.testng.SuiteRunner.runTest(SuiteRunner.java:334)
	at org.testng.SuiteRunner.access$000(SuiteRunner.java:37)
	at org.testng.SuiteRunner$SuiteWorker.run(SuiteRunner.java:368)
	at org.testng.internal.thread.ThreadUtil$2.call(ThreadUtil.java:64)
	at java.util.concurrent.FutureTask.run(Unknown Source)
	at java.util.concurrent.ThreadPoolExecutor.runWorker(Unknown Source)
	at java.util.concurrent.ThreadPoolExecutor$Worker.run(Unknown Source)
	at java.lang.Thread.run(Unknown Source)
Caused by: org.openqa.selenium.remote.ScreenshotException: Screen shot has been taken
Build info: version: '2.48.0', revision: 'b7b081a', time: '2015-10-07 15:48:56'
System info: host: 'Sai-PC', ip: '169.254.209.217', os.name: 'Windows 7', os.arch: 'amd64', os.version: '6.1', java.version: '1.7.0_79'
Driver info: driver.version: RemoteWebDriver
	at org.openqa.selenium.remote.ErrorHandler.throwIfResponseFailed(ErrorHandler.java:138)
	... 24 more
Caused by: org.openqa.selenium.WebDriverException: chrome not reachable
  (Session info: chrome=54.0.2840.99)
  (Driver info: chromedriver=2.25.426923 (0390b88869384d6eb0d5d09729679f934aab9eed),platform=Windows NT 6.1.7601 SP1 x86_64) (WARNING: The server did not provide any stacktrace information)
Command duration or timeout: 4.07 seconds
Build info: version: '2.53.1', revision: 'a36b8b1', time: '2016-06-30 17:37:03'
System info: host: 'Rushi-PC', ip: '192.168.80.1', os.name: 'Windows 7', os.arch: 'amd64', os.version: '6.1', java.version: '1.7.0_79'
Session ID: 55fb084f0fbe9c64403a5f54d319b061
Driver info: org.openqa.selenium.chrome.ChromeDriver
Capabilities [{platform=XP, acceptSslCerts=true, javascriptEnabled=true, browserName=chrome, chrome={userDataDir=C:\Users\Rushi\AppData\Local\Temp\scoped_dir6048_15973, chromedriverVersion=2.25.426923 (0390b88869384d6eb0d5d09729679f934aab9eed)}, networkConnectionEnabled=false, rotatable=false, locationContextEnabled=true, mobileEmulationEnabled=false, version=54.0.2840.99, pageLoadStrategy=normal, takesHeapSnapshot=true, cssSelectorsEnabled=true, databaseEnabled=false, handlesAlerts=true, browserConnectionEnabled=false, webStorageEnabled=true, nativeEvents=true, hasTouchScreen=false, applicationCacheEnabled=false, takesScreenshot=true}]
Build info: version: '2.48.0', revision: 'b7b081a', time: '2015-10-07 15:48:56'
System info: host: 'Sai-PC', ip: '169.254.209.217', os.name: 'Windows 7', os.arch: 'amd64', os.version: '6.1', java.version: '1.7.0_79'
Driver info: driver.version: RemoteWebDriver
	at sun.reflect.NativeConstructorAccessorImpl.newInstance0(Native Method)
	at sun.reflect.NativeConstructorAccessorImpl.newInstance(Unknown Source)
	at sun.reflect.DelegatingConstructorAccessorImpl.newInstance(Unknown Source)
	at java.lang.reflect.Constructor.newInstance(Unknown Source)
	at org.openqa.selenium.remote.ErrorHandler.createThrowable(ErrorHandler.java:206)
	at org.openqa.selenium.remote.ErrorHandler.throwIfResponseFailed(ErrorHandler.java:158)
	at org.openqa.selenium.remote.RemoteWebDriver.execute(RemoteWebDriver.java:678)
	at org.openqa.selenium.remote.RemoteWebElement.execute(RemoteWebElement.java:327)
	at org.openqa.selenium.remote.RemoteWebElement.click(RemoteWebElement.java:85)
	at sun.reflect.GeneratedMethodAccessor8.invoke(Unknown Source)
	at sun.reflect.DelegatingMethodAccessorImpl.invoke(Unknown Source)
	at java.lang.reflect.Method.invoke(Unknown Source)
	at org.openqa.selenium.support.events.EventFiringWebDriver$EventFiringWebElement$1.invoke(EventFiringWebDriver.java:335)
	at com.sun.proxy.$Proxy2.click(Unknown Source)
	at org.openqa.selenium.support.events.EventFiringWebDriver$EventFiringWebElement.click(EventFiringWebDriver.java:348)
	at sun.reflect.GeneratedMethodAccessor8.invoke(Unknown Source)
	at sun.reflect.DelegatingMethodAccessorImpl.invoke(Unknown Source)
	at java.lang.reflect.Method.invoke(Unknown Source)
	at org.openqa.selenium.remote.server.KnownElements$1.invoke(KnownElements.java:64)
	at com.sun.proxy.$Proxy3.click(Unknown Source)
	at org.openqa.selenium.remote.server.handler.ClickElement.call(ClickElement.java:30)
	at org.openqa.selenium.remote.server.handler.ClickElement.call(ClickElement.java:1)
	at java.util.concurrent.FutureTask.run(Unknown Source)
	at org.openqa.selenium.remote.server.DefaultSession$1.run(DefaultSession.java:176)
	... 3 more
]]>
    </failure>
  </testcase> <!-- dropdownTest -->
</testsuite> <!-- day25.DropdownOnGrid -->
