<?xml version="1.0" encoding="UTF-8"?>
<!-- Generated by org.testng.reporters.JUnitReportReporter -->
<testsuite hostname="Sai-PC" name="day23.AddEmployee" tests="1" failures="0" timestamp="19 Nov 2016 06:54:37 GMT" time="20.211" errors="0">
  <testcase name="linkTest" time="20.211" classname="day23.AddEmployee"/>
</testsuite> <!-- day23.AddEmployee -->
