<?xml version="1.0" encoding="UTF-8"?>
<!-- Generated by org.testng.reporters.JUnitReportReporter -->
<testsuite hostname="Sai-PC" name="day21.ExcelWebtable" tests="1" failures="0" timestamp="17 Nov 2016 07:23:54 GMT" time="19.930" errors="0">
  <testcase name="webTableTest" time="19.930" classname="day21.ExcelWebtable"/>
</testsuite> <!-- day21.ExcelWebtable -->
