<?xml version="1.0" encoding="UTF-8"?>
<!-- Generated by org.testng.reporters.JUnitReportReporter -->
<testsuite hostname="Sai-PC" name="day20.testsuite.Logout" tests="1" failures="0" timestamp="29 Nov 2016 06:08:00 GMT" time="0.787" errors="0">
  <testcase name="logoutTest" time="0.787" classname="day20.testsuite.Logout"/>
</testsuite> <!-- day20.testsuite.Logout -->
