<?xml version="1.0" encoding="UTF-8"?>
<!-- Generated by org.testng.reporters.JUnitReportReporter -->
<testsuite hostname="Sai-PC" name="DatadrivenTesting2" tests="1" failures="0" timestamp="21 Nov 2016 12:04:18 GMT" time="61.095" errors="0">
  <testcase name="linksTest" time="61.095" classname="DatadrivenTesting2"/>
</testsuite> <!-- DatadrivenTesting2 -->
