<?xml version="1.0" encoding="UTF-8"?>
<!-- Generated by org.testng.reporters.JUnitReportReporter -->
<testsuite hostname="Sai-PC" name="day17.SliderAutomation" tests="1" failures="0" timestamp="12 Nov 2016 07:39:55 GMT" time="2.186" errors="0">
  <testcase name="sliderTest" time="2.186" classname="day17.SliderAutomation"/>
</testsuite> <!-- day17.SliderAutomation -->
