<?xml version="1.0" encoding="UTF-8"?>
<!-- Generated by org.testng.reporters.JUnitReportReporter -->
<testsuite hostname="Sai-PC" name="day13.DynamicXpaths" tests="1" failures="0" timestamp="8 Nov 2016 06:23:56 GMT" time="3.126" errors="0">
  <testcase name="xpathTest" time="3.126" classname="day13.DynamicXpaths"/>
</testsuite> <!-- day13.DynamicXpaths -->
