<?xml version="1.0" encoding="UTF-8"?>
<!-- Generated by org.testng.reporters.JUnitReportReporter -->
<testsuite hostname="Sai-PC" name="day16.RightClick" tests="1" failures="0" timestamp="11 Nov 2016 07:10:48 GMT" time="8.595" errors="0">
  <testcase name="rightClick" time="8.595" classname="day16.RightClick"/>
</testsuite> <!-- day16.RightClick -->
