<?xml version="1.0" encoding="UTF-8"?>
<!-- Generated by org.testng.reporters.JUnitReportReporter -->
<testsuite hostname="Sai-PC" name="day18.CookiesTesting" tests="1" failures="0" timestamp="14 Nov 2016 06:52:52 GMT" time="1.441" errors="0">
  <testcase name="cookiesTest" time="1.441" classname="day18.CookiesTesting"/>
</testsuite> <!-- day18.CookiesTesting -->
