<?xml version="1.0" encoding="UTF-8"?>
<!-- Generated by org.testng.reporters.JUnitReportReporter -->
<testsuite hostname="Sai-PC" name="day18.CalanderWebtable" tests="1" failures="0" timestamp="14 Nov 2016 05:32:05 GMT" time="6.464" errors="0">
  <testcase name="calanderTest" time="6.464" classname="day18.CalanderWebtable"/>
</testsuite> <!-- day18.CalanderWebtable -->
