<?xml version="1.0" encoding="UTF-8"?>
<!-- Generated by org.testng.reporters.JUnitReportReporter -->
<testsuite hostname="Sai-PC" name="DatadrivenTesting3" tests="1" failures="0" timestamp="21 Nov 2016 12:35:37 GMT" time="22.087" errors="0">
  <testcase name="empRegistrationTest" time="22.087" classname="DatadrivenTesting3"/>
</testsuite> <!-- DatadrivenTesting3 -->
