<?xml version="1.0" encoding="UTF-8"?>
<!-- Generated by org.testng.reporters.JUnitReportReporter -->
<testsuite hostname="Sai-PC" name="day25.LoginUisngGrid" tests="1" failures="0" timestamp="22 Nov 2016 06:59:34 GMT" time="14.120" errors="0">
  <testcase name="loginTest" time="14.120" classname="day25.LoginUisngGrid"/>
</testsuite> <!-- day25.LoginUisngGrid -->
