<?xml version="1.0" encoding="UTF-8"?>
<!-- Generated by org.testng.reporters.JUnitReportReporter -->
<testsuite hostname="Sai-PC" name="day13.Explicitwait_WebDriverwait" tests="1" failures="0" timestamp="10 Nov 2016 06:43:43 GMT" time="6.300" errors="0">
  <testcase name="waitTest" time="6.300" classname="day13.Explicitwait_WebDriverwait"/>
</testsuite> <!-- day13.Explicitwait_WebDriverwait -->
