<?xml version="1.0" encoding="UTF-8"?>
<!-- Generated by org.testng.reporters.JUnitReportReporter -->
<testsuite hostname="Sai-PC" name="day13.Explicitwait_Fluentwait" tests="1" failures="0" timestamp="10 Nov 2016 07:04:36 GMT" time="6.326" errors="0">
  <testcase name="waitTest" time="6.326" classname="day13.Explicitwait_Fluentwait"/>
</testsuite> <!-- day13.Explicitwait_Fluentwait -->
