<?xml version="1.0" encoding="UTF-8"?>
<!-- Generated by org.testng.reporters.JUnitReportReporter -->
<testsuite hostname="Sai-PC" name="day12.XpathCreation1" tests="1" failures="0" timestamp="5 Nov 2016 07:08:11 GMT" time="0.461" errors="0">
  <testcase name="xpathTest" time="0.461" classname="day12.XpathCreation1"/>
</testsuite> <!-- day12.XpathCreation1 -->
