<?xml version="1.0" encoding="UTF-8"?>
<!-- Generated by org.testng.reporters.JUnitReportReporter -->
<testsuite hostname="Sai-PC" name="day20.testsuite.Login" tests="1" failures="0" timestamp="29 Nov 2016 06:08:00 GMT" time="24.863" errors="0">
  <testcase name="loginTest" time="24.863" classname="day20.testsuite.Login"/>
</testsuite> <!-- day20.testsuite.Login -->
