<?xml version="1.0" encoding="UTF-8"?>
<!-- Generated by org.testng.reporters.JUnitReportReporter -->
<testsuite hostname="Sai-PC" name="day18.AlertHandling" tests="1" failures="0" timestamp="14 Nov 2016 06:16:56 GMT" time="4.413" errors="0">
  <testcase name="alertTest" time="4.413" classname="day18.AlertHandling"/>
</testsuite> <!-- day18.AlertHandling -->
