<?xml version="1.0" encoding="UTF-8"?>
<!-- Generated by org.testng.reporters.JUnitReportReporter -->
<testsuite hostname="Sai-PC" name="day18.DynamicWebtable" tests="1" failures="0" timestamp="14 Nov 2016 04:37:57 GMT" time="19.396" errors="0">
  <testcase name="webTableTest" time="19.396" classname="day18.DynamicWebtable"/>
</testsuite> <!-- day18.DynamicWebtable -->
