<?xml version="1.0" encoding="UTF-8"?>
<!-- Generated by org.testng.reporters.JUnitReportReporter -->
<testsuite hostname="Sai-PC" name="day19.AjaxAutomation" tests="1" failures="0" timestamp="15 Nov 2016 04:56:12 GMT" time="4.192" errors="0">
  <testcase name="ajaxTest" time="4.192" classname="day19.AjaxAutomation"/>
</testsuite> <!-- day19.AjaxAutomation -->
