<?xml version="1.0" encoding="UTF-8"?>
<!-- Generated by org.testng.reporters.JUnitReportReporter -->
<testsuite hostname="Sai-PC" name="day12.Xpathcreation2" tests="1" failures="0" timestamp="5 Nov 2016 07:26:13 GMT" time="6.258" errors="0">
  <testcase name="xpathTest" time="6.258" classname="day12.Xpathcreation2"/>
</testsuite> <!-- day12.Xpathcreation2 -->
