<?xml version="1.0" encoding="UTF-8"?>
<!-- Generated by org.testng.reporters.JUnitReportReporter -->
<testsuite hostname="Sai-PC" name="day13.DynamicCSSSelectors" tests="1" failures="0" timestamp="8 Nov 2016 06:53:24 GMT" time="3.832" errors="0">
  <testcase name="cssTest" time="3.832" classname="day13.DynamicCSSSelectors"/>
</testsuite> <!-- day13.DynamicCSSSelectors -->
