<?xml version="1.0" encoding="UTF-8"?>
<!-- Generated by org.testng.reporters.JUnitReportReporter -->
<testsuite hostname="Sai-PC" name="day18.ClickingOnHiddenComponents" tests="1" failures="0" timestamp="14 Nov 2016 06:43:45 GMT" time="0.371" errors="0">
  <testcase name="hiddenElementTest" time="0.371" classname="day18.ClickingOnHiddenComponents"/>
</testsuite> <!-- day18.ClickingOnHiddenComponents -->
