<?xml version="1.0" encoding="UTF-8"?>
<!-- Generated by org.testng.reporters.JUnitReportReporter -->
<testsuite hostname="Sai-PC" name="day17.DragandDrop" tests="1" failures="0" timestamp="12 Nov 2016 07:25:08 GMT" time="1.276" errors="0">
  <testcase name="dragandDropTest" time="1.276" classname="day17.DragandDrop"/>
</testsuite> <!-- day17.DragandDrop -->
