<?xml version="1.0" encoding="UTF-8"?>
<!-- Generated by org.testng.reporters.JUnitReportReporter -->
<testsuite hostname="Sai-PC" name="day14.TabandPopupHandling" tests="1" failures="0" timestamp="9 Nov 2016 06:58:57 GMT" time="13.069" errors="0">
  <testcase name="tabandPopuptest" time="13.069" classname="day14.TabandPopupHandling"/>
</testsuite> <!-- day14.TabandPopupHandling -->
