<?xml version="1.0" encoding="UTF-8"?>
<!-- Generated by org.testng.reporters.JUnitReportReporter -->
<testsuite hostname="Sai-PC" name="day20.testsuite.DeleteEmployee" tests="1" failures="0" timestamp="29 Nov 2016 06:08:00 GMT" time="30.458" errors="0">
  <testcase name="deleteEmpTest" time="30.458" classname="day20.testsuite.DeleteEmployee"/>
</testsuite> <!-- day20.testsuite.DeleteEmployee -->
