<?xml version="1.0" encoding="UTF-8"?>
<!-- Generated by org.testng.reporters.JUnitReportReporter -->
<testsuite hostname="Sai-PC" name="day13.ImplicitWait" tests="1" failures="0" timestamp="10 Nov 2016 06:23:22 GMT" time="5.796" errors="0">
  <testcase name="waitTest" time="5.796" classname="day13.ImplicitWait"/>
</testsuite> <!-- day13.ImplicitWait -->
