<?xml version="1.0" encoding="UTF-8"?>
<!-- Generated by org.testng.reporters.JUnitReportReporter -->
<testsuite hostname="Sai-PC" name="day13.RadioButtonsTesting" tests="1" failures="0" timestamp="8 Nov 2016 07:13:00 GMT" time="8.077" errors="0">
  <testcase name="radioButtonsTest" time="8.077" classname="day13.RadioButtonsTesting"/>
</testsuite> <!-- day13.RadioButtonsTesting -->
