<?xml version="1.0" encoding="UTF-8"?>
<!-- Generated by org.testng.reporters.JUnitReportReporter -->
<testsuite hostname="Sai-PC" name="day11.Sample" tests="2" failures="0" timestamp="4 Nov 2016 07:22:17 GMT" time="0.063" errors="0">
  <testcase name="loginTest" time="0.031" classname="day11.Sample"/>
  <testcase name="registration" time="0.032" classname="day11.Sample"/>
</testsuite> <!-- day11.Sample -->
