<?xml version="1.0" encoding="UTF-8"?>
<!-- Generated by org.testng.reporters.JUnitReportReporter -->
<testsuite hostname="Sai-PC" name="day27.CloudTesting" tests="3" failures="0" timestamp="24 Nov 2016 06:59:00 GMT" time="1008.583" errors="0">
  <testcase name="cloudTest" time="312.565" classname="day27.CloudTesting"/>
  <testcase name="cloudTest" time="378.135" classname="day27.CloudTesting"/>
  <testcase name="cloudTest" time="317.883" classname="day27.CloudTesting"/>
</testsuite> <!-- day27.CloudTesting -->
