<?xml version="1.0" encoding="UTF-8"?>
<!-- Generated by org.testng.reporters.JUnitReportReporter -->
<testsuite hostname="Sai-PC" name="day14.TabandPopupHandling2" tests="1" failures="0" timestamp="9 Nov 2016 07:21:17 GMT" time="8.099" errors="0">
  <testcase name="tabandPopuptest" time="8.099" classname="day14.TabandPopupHandling2"/>
</testsuite> <!-- day14.TabandPopupHandling2 -->
